2025-11-21T23:58:10.332Z - UPDATE ERROR: Error: Incorrect datetime value: '2025-11-22T05:00:00.000Z' for column 'due_date' at row 1
Error: Incorrect datetime value: '2025-11-22T05:00:00.000Z' for column 'due_date' at row 1
    at PromisePool.query (/home/snei05/aprendo/nova-auth/backend/node_modules/mysql2/lib/promise/pool.js:36:22)
    at updateDeliverable (file:///home/snei05/aprendo/nova-auth/backend/src/controllers/deliverables.controller.js:71:16)
    at Layer.handleRequest (/home/snei05/aprendo/nova-auth/backend/node_modules/router/lib/layer.js:152:17)
    at next (/home/snei05/aprendo/nova-auth/backend/node_modules/router/lib/route.js:157:13)
    at Route.dispatch (/home/snei05/aprendo/nova-auth/backend/node_modules/router/lib/route.js:117:3)
    at handle (/home/snei05/aprendo/nova-auth/backend/node_modules/router/index.js:435:11)
    at Layer.handleRequest (/home/snei05/aprendo/nova-auth/backend/node_modules/router/lib/layer.js:152:17)
    at /home/snei05/aprendo/nova-auth/backend/node_modules/router/index.js:295:15
    at param (/home/snei05/aprendo/nova-auth/backend/node_modules/router/index.js:600:14)
    at param (/home/snei05/aprendo/nova-auth/backend/node_modules/router/index.js:610:14)
2025-11-21T23:58:15.384Z - UPDATE ERROR: Error: Incorrect datetime value: '2025-11-22T05:00:00.000Z' for column 'due_date' at row 1
Error: Incorrect datetime value: '2025-11-22T05:00:00.000Z' for column 'due_date' at row 1
    at PromisePool.query (/home/snei05/aprendo/nova-auth/backend/node_modules/mysql2/lib/promise/pool.js:36:22)
    at updateDeliverable (file:///home/snei05/aprendo/nova-auth/backend/src/controllers/deliverables.controller.js:71:16)
    at Layer.handleRequest (/home/snei05/aprendo/nova-auth/backend/node_modules/router/lib/layer.js:152:17)
    at next (/home/snei05/aprendo/nova-auth/backend/node_modules/router/lib/route.js:157:13)
    at Route.dispatch (/home/snei05/aprendo/nova-auth/backend/node_modules/router/lib/route.js:117:3)
    at handle (/home/snei05/aprendo/nova-auth/backend/node_modules/router/index.js:435:11)
    at Layer.handleRequest (/home/snei05/aprendo/nova-auth/backend/node_modules/router/lib/layer.js:152:17)
    at /home/snei05/aprendo/nova-auth/backend/node_modules/router/index.js:295:15
    at param (/home/snei05/aprendo/nova-auth/backend/node_modules/router/index.js:600:14)
    at param (/home/snei05/aprendo/nova-auth/backend/node_modules/router/index.js:610:14)
2025-11-21T23:58:37.978Z - UPDATE ERROR: Error: Incorrect datetime value: '2025-11-22T05:00:00.000Z' for column 'due_date' at row 1
Error: Incorrect datetime value: '2025-11-22T05:00:00.000Z' for column 'due_date' at row 1
    at PromisePool.query (/home/snei05/aprendo/nova-auth/backend/node_modules/mysql2/lib/promise/pool.js:36:22)
    at updateDeliverable (file:///home/snei05/aprendo/nova-auth/backend/src/controllers/deliverables.controller.js:71:16)
    at Layer.handleRequest (/home/snei05/aprendo/nova-auth/backend/node_modules/router/lib/layer.js:152:17)
    at next (/home/snei05/aprendo/nova-auth/backend/node_modules/router/lib/route.js:157:13)
    at Route.dispatch (/home/snei05/aprendo/nova-auth/backend/node_modules/router/lib/route.js:117:3)
    at handle (/home/snei05/aprendo/nova-auth/backend/node_modules/router/index.js:435:11)
    at Layer.handleRequest (/home/snei05/aprendo/nova-auth/backend/node_modules/router/lib/layer.js:152:17)
    at /home/snei05/aprendo/nova-auth/backend/node_modules/router/index.js:295:15
    at param (/home/snei05/aprendo/nova-auth/backend/node_modules/router/index.js:600:14)
    at param (/home/snei05/aprendo/nova-auth/backend/node_modules/router/index.js:610:14)
